<?xml version="1.0" encoding="UTF-8" ?>
<testsuite failures="0" time="0.012" errors="0" skipped="0" tests="3" name="br.com.bufunfa.finance.wui.UIContaTest">
  <properties>
[...]
</properties>
  <testcase time="0.002" classname="br.com.bufunfa.finance.wui.UIContaTest" name="testDefault"/>
  <testcase time="0.004" classname="br.com.bufunfa.finance.wui.UIContaTest" name="testFindNoByNome"/>
  <testcase time="0" classname="br.com.bufunfa.finance.wui.UIContaTest" name="testInsertNodeIntoTree"/>
</testsuite>